<?xml version="1.0" encoding="UTF-8"?>
<!-- Generated by org.testng.reporters.JUnitReportReporter -->
<testsuite hostname="TAPASs-MacBook-Air.local" failures="0" tests="3" name="parallel.TestClass2" time="0.004" errors="0" timestamp="2023-01-04T21:47:00 IST" skipped="0">
  <testcase classname="parallel.TestClass2" name="method7" time="0.001"/>
  <system-out/>
  <testcase classname="parallel.TestClass2" name="method6" time="0.002"/>
  <system-out/>
  <testcase classname="parallel.TestClass2" name="method5" time="0.001"/>
  <system-out/>
</testsuite> <!-- parallel.TestClass2 -->
