<?xml version="1.0" encoding="UTF-8"?>
<!-- Generated by org.testng.reporters.JUnitReportReporter -->
<testsuite hostname="TAPASs-MacBook-Air.local" failures="0" tests="1" name="TestClass" time="0.003" errors="0" timestamp="2022-11-23T21:52:02 IST" skipped="0">
  <testcase classname="TestClass" name="method" time="0.003"/>
  <system-out/>
</testsuite> <!-- TestClass -->
