<?xml version="1.0" encoding="UTF-8"?>
<!-- Generated by org.testng.reporters.JUnitReportReporter -->
<testsuite hostname="TAPASs-MacBook-Air.local" failures="0" tests="3" name="testpackage.AnnotationsTest" time="0.006" errors="0" timestamp="2022-12-10T11:02:30 IST" skipped="0">
  <testcase classname="testpackage.AnnotationsTest" name="testMethod2" time="0.002"/>
  <system-out/>
  <testcase classname="testpackage.AnnotationsTest" name="testMethod1" time="0.001"/>
  <system-out/>
  <testcase classname="testpackage.AnnotationsTest" name="nontestng" time="0.003"/>
  <system-out/>
</testsuite> <!-- testpackage.AnnotationsTest -->
