<?xml version="1.0" encoding="UTF-8"?>
<!-- Generated by org.testng.reporters.JUnitReportReporter -->
<testsuite hostname="TAPASs-MacBook-Air.local" failures="0" tests="8" name="testpackage.NewTestG2" time="0.000" errors="0" timestamp="2022-12-13T19:55:06 IST" skipped="0">
  <testcase classname="testpackage.NewTestG2" name="test7" time="0.000"/>
  <system-out/>
  <testcase classname="testpackage.NewTestG2" name="test7" time="0.000"/>
  <system-out/>
  <testcase classname="testpackage.NewTestG2" name="test9" time="0.000"/>
  <system-out/>
  <testcase classname="testpackage.NewTestG2" name="test6" time="0.000"/>
  <system-out/>
  <testcase classname="testpackage.NewTestG2" name="test8" time="0.000"/>
  <system-out/>
  <testcase classname="testpackage.NewTestG2" name="test8" time="0.000"/>
  <system-out/>
  <testcase classname="testpackage.NewTestG2" name="test6" time="0.000"/>
  <system-out/>
  <testcase classname="testpackage.NewTestG2" name="test9" time="0.000"/>
  <system-out/>
</testsuite> <!-- testpackage.NewTestG2 -->
