<?xml version="1.0" encoding="UTF-8"?>
<!-- Generated by org.testng.reporters.JUnitReportReporter -->
<testsuite hostname="TAPASs-MacBook-Air.local" failures="0" tests="4" name="testpackage.NewTestGroups" time="0.003" errors="0" timestamp="2022-12-13T19:55:06 IST" skipped="0">
  <testcase classname="testpackage.NewTestGroups" name="test2" time="0.003"/>
  <system-out/>
  <testcase classname="testpackage.NewTestGroups" name="test3" time="0.000"/>
  <system-out/>
  <testcase classname="testpackage.NewTestGroups" name="test2" time="0.000"/>
  <system-out/>
  <testcase classname="testpackage.NewTestGroups" name="test3" time="0.000"/>
  <system-out/>
</testsuite> <!-- testpackage.NewTestGroups -->
