<?xml version="1.0" encoding="UTF-8"?>
<!-- Generated by org.testng.reporters.JUnitReportReporter -->
<testsuite hostname="TAPASs-MacBook-Air.local" failures="0" tests="4" name="testpackage.InvocationCount" time="54.424" errors="0" timestamp="2023-01-06T20:14:35 IST" skipped="0">
  <testcase classname="testpackage.InvocationCount" name="randomeUserData" time="12.934"/>
  <system-out/>
  <testcase classname="testpackage.InvocationCount" name="randomeUserData" time="13.114"/>
  <system-out/>
  <testcase classname="testpackage.InvocationCount" name="randomeUserData" time="14.188"/>
  <system-out/>
  <testcase classname="testpackage.InvocationCount" name="randomeUserData" time="14.188"/>
  <system-out/>
</testsuite> <!-- testpackage.InvocationCount -->
