<?xml version="1.0" encoding="UTF-8"?>
<!-- Generated by org.testng.reporters.JUnitReportReporter -->
<testsuite hostname="TAPASs-MacBook-Air.local" failures="0" tests="2" name="listener.RealScenarioTestClass" time="25.814" errors="0" timestamp="2023-01-12T16:34:38 IST" skipped="0">
  <testcase classname="listener.RealScenarioTestClass" name="test1" time="4.792"/>
  <system-out/>
  <testcase classname="listener.RealScenarioTestClass" name="test2" time="21.022"/>
  <system-out/>
</testsuite> <!-- listener.RealScenarioTestClass -->
