<?xml version="1.0" encoding="UTF-8"?>
<!-- Generated by org.testng.reporters.JUnitReportReporter -->
<testsuite hostname="TAPASs-MacBook-Air.local" failures="0" tests="4" name="parallel.TestClass1" time="0.011" errors="0" timestamp="2023-01-04T21:47:00 IST" skipped="0">
  <testcase classname="parallel.TestClass1" name="method2" time="0.003"/>
  <system-out/>
  <testcase classname="parallel.TestClass1" name="method4" time="0.002"/>
  <system-out/>
  <testcase classname="parallel.TestClass1" name="method1" time="0.003"/>
  <system-out/>
  <testcase classname="parallel.TestClass1" name="method3" time="0.003"/>
  <system-out/>
</testsuite> <!-- parallel.TestClass1 -->
