<?xml version="1.0" encoding="UTF-8"?>
<!-- Generated by org.testng.reporters.JUnitReportReporter -->
<testsuite hostname="TAPASs-MacBook-Air.local" failures="0" tests="1" name="extentReport.TestClass2" time="18.520" errors="0" timestamp="2023-01-20T20:04:41 IST" skipped="0">
  <testcase classname="extentReport.TestClass2" name="testSwitchWindow" time="18.520"/>
  <system-out/>
</testsuite> <!-- extentReport.TestClass2 -->
