<?xml version="1.0" encoding="UTF-8"?>
<!-- Generated by org.testng.reporters.JUnitReportReporter -->
<testsuite hostname="TAPASs-MacBook-Air.local" failures="0" tests="4" name="parallel.TestClass3" time="0.001" errors="0" timestamp="2023-01-04T21:47:00 IST" skipped="0">
  <testcase classname="parallel.TestClass3" name="method9" time="0.001"/>
  <system-out/>
  <testcase classname="parallel.TestClass3" name="method10" time="0.000"/>
  <system-out/>
  <testcase classname="parallel.TestClass3" name="method11" time="0.000"/>
  <system-out/>
  <testcase classname="parallel.TestClass3" name="method8" time="0.000"/>
  <system-out/>
</testsuite> <!-- parallel.TestClass3 -->
